Start testing: Oct 21 19:56 EEST
----------------------------------------------------------
1/1 Testing: unit_tests
1/1 Test: unit_tests
Command: "/Users/andrianpohrebniak/Desktop/csad2526KI404PohrebniakAndrianYuriyovich21/build/unit_tests"
Directory: /Users/andrianpohrebniak/Desktop/csad2526KI404PohrebniakAndrianYuriyovich21/build
"unit_tests" start time: Oct 21 19:56 EEST
Output:
----------------------------------------------------------
[==========] Running 1 test from 1 test suite.
[----------] Global test environment set-up.
[----------] 1 test from MathOperationsTest
[ RUN      ] MathOperationsTest.AddFunction
[       OK ] MathOperationsTest.AddFunction (0 ms)
[----------] 1 test from MathOperationsTest (0 ms total)

[----------] Global test environment tear-down
[==========] 1 test from 1 test suite ran. (0 ms total)
[  PASSED  ] 1 test.
<end of output>
Test time =   0.14 sec
----------------------------------------------------------
Test Passed.
"unit_tests" end time: Oct 21 19:56 EEST
"unit_tests" time elapsed: 00:00:00
----------------------------------------------------------

End testing: Oct 21 19:56 EEST
